This is pdfTeX, Version 3.14159265-2.6-1.40.17 (TeX Live 2016) (preloaded format=pdflatex 2016.11.27)  18 DEC 2016 10:34
entering extended mode
 \write18 enabled.
 file:line:error style messages enabled.
 %&-line parsing enabled.
**"The Gotthard Pass.tex"
(./The Gotthard Pass.tex
LaTeX2e <2016/03/31>
Babel <3.9r> and hyphenation patterns for 83 language(s) loaded.
(/usr/local/texlive/2016/texmf-dist/tex/latex/base/article.cls
Document Class: article 2014/09/29 v1.4h Standard LaTeX document class
(/usr/local/texlive/2016/texmf-dist/tex/latex/base/size11.clo
File: size11.clo 2014/09/29 v1.4h Standard LaTeX file (size option)
)
\c@part=\count79
\c@section=\count80
\c@subsection=\count81
\c@subsubsection=\count82
\c@paragraph=\count83
\c@subparagraph=\count84
\c@figure=\count85
\c@table=\count86
\abovecaptionskip=\skip41
\belowcaptionskip=\skip42
\bibindent=\dimen102
) (/usr/local/texlive/2016/texmf-dist/tex/latex/geometry/geometry.sty
Package: geometry 2010/09/12 v5.6 Page Geometry
 (/usr/local/texlive/2016/texmf-dist/tex/latex/graphics/keyval.sty
Package: keyval 2014/10/28 v1.15 key=value parser (DPC)
\KV@toks@=\toks14
) (/usr/local/texlive/2016/texmf-dist/tex/generic/oberdiek/ifpdf.sty
Package: ifpdf 2016/05/14 v3.1 Provides the ifpdf switch
) (/usr/local/texlive/2016/texmf-dist/tex/generic/oberdiek/ifvtex.sty
Package: ifvtex 2016/05/16 v1.6 Detect VTeX and its facilities (HO)
Package ifvtex Info: VTeX not detected.
) (/usr/local/texlive/2016/texmf-dist/tex/generic/ifxetex/ifxetex.sty
Package: ifxetex 2010/09/12 v0.6 Provides ifxetex conditional
)
\Gm@cnth=\count87
\Gm@cntv=\count88
\c@Gm@tempcnt=\count89
\Gm@bindingoffset=\dimen103
\Gm@wd@mp=\dimen104
\Gm@odd@mp=\dimen105
\Gm@even@mp=\dimen106
\Gm@layoutwidth=\dimen107
\Gm@layoutheight=\dimen108
\Gm@layouthoffset=\dimen109
\Gm@layoutvoffset=\dimen110
\Gm@dimlist=\toks15
) (./mcode.sty
-- Package: `mcode' 2.7 <2015/11/11> --
Package: mcode 2015/11/11 2.7
 - settings optimized for display (colour formating)
 - line numbering enabled
 - literate programming (character replacements) enabled
 - automatic line breaking enabled (careful, buggy!)
 - framed listings
(/usr/local/texlive/2016/texmf-dist/tex/latex/xcolor/xcolor.sty
Package: xcolor 2016/05/11 v2.12 LaTeX color extensions (UK)
 (/usr/local/texlive/2016/texmf-dist/tex/latex/graphics-cfg/color.cfg
File: color.cfg 2016/01/02 v1.6 sample color configuration
)
Package xcolor Info: Driver file: pdftex.def on input line 225.
 (/usr/local/texlive/2016/texmf-dist/tex/latex/pdftex-def/pdftex.def
File: pdftex.def 2011/05/27 v0.06d Graphics/color for pdfTeX
 (/usr/local/texlive/2016/texmf-dist/tex/generic/oberdiek/infwarerr.sty
Package: infwarerr 2016/05/16 v1.4 Providing info/warning/error messages (HO)
) (/usr/local/texlive/2016/texmf-dist/tex/generic/oberdiek/ltxcmds.sty
Package: ltxcmds 2016/05/16 v1.23 LaTeX kernel commands for general use (HO)
)
\Gread@gobject=\count90
)
Package xcolor Info: Model `cmy' substituted by `cmy0' on input line 1348.
Package xcolor Info: Model `hsb' substituted by `rgb' on input line 1352.
Package xcolor Info: Model `RGB' extended on input line 1364.
Package xcolor Info: Model `HTML' substituted by `rgb' on input line 1366.
Package xcolor Info: Model `Hsb' substituted by `hsb' on input line 1367.
Package xcolor Info: Model `tHsb' substituted by `hsb' on input line 1368.
Package xcolor Info: Model `HSB' substituted by `hsb' on input line 1369.
Package xcolor Info: Model `Gray' substituted by `gray' on input line 1370.
Package xcolor Info: Model `wave' substituted by `hsb' on input line 1371.
) (/usr/local/texlive/2016/texmf-dist/tex/latex/listings/listings.sty
\lst@mode=\count91
\lst@gtempboxa=\box26
\lst@token=\toks16
\lst@length=\count92
\lst@currlwidth=\dimen111
\lst@column=\count93
\lst@pos=\count94
\lst@lostspace=\dimen112
\lst@width=\dimen113
\lst@newlines=\count95
\lst@lineno=\count96
\lst@maxwidth=\dimen114
 (/usr/local/texlive/2016/texmf-dist/tex/latex/listings/lstmisc.sty
File: lstmisc.sty 2015/06/04 1.6 (Carsten Heinz)
\c@lstnumber=\count97
\lst@skipnumbers=\count98
\lst@framebox=\box27
) (/usr/local/texlive/2016/texmf-dist/tex/latex/listings/listings.cfg
File: listings.cfg 2015/06/04 1.6 listings configuration
))
Package: listings 2015/06/04 1.6 (Carsten Heinz)
 (/usr/local/texlive/2016/texmf-dist/tex/latex/base/textcomp.sty
Package: textcomp 2005/09/27 v1.99g Standard LaTeX package
Package textcomp Info: Sub-encoding information:
(textcomp)               5 = only ISO-Adobe without \textcurrency
(textcomp)               4 = 5 + \texteuro
(textcomp)               3 = 4 + \textohm
(textcomp)               2 = 3 + \textestimated + \textcurrency
(textcomp)               1 = TS1 - \textcircled - \t
(textcomp)               0 = TS1 (full)
(textcomp)             Font families with sub-encoding setting implement
(textcomp)             only a restricted character set as indicated.
(textcomp)             Family '?' is the default used for unknown fonts.
(textcomp)             See the documentation for details.
Package textcomp Info: Setting ? sub-encoding to TS1/1 on input line 79.
 (/usr/local/texlive/2016/texmf-dist/tex/latex/base/ts1enc.def
File: ts1enc.def 2001/06/05 v3.0e (jk/car/fm) Standard LaTeX file
)
LaTeX Info: Redefining \oldstylenums on input line 334.
Package textcomp Info: Setting cmr sub-encoding to TS1/0 on input line 349.
Package textcomp Info: Setting cmss sub-encoding to TS1/0 on input line 350.
Package textcomp Info: Setting cmtt sub-encoding to TS1/0 on input line 351.
Package textcomp Info: Setting cmvtt sub-encoding to TS1/0 on input line 352.
Package textcomp Info: Setting cmbr sub-encoding to TS1/0 on input line 353.
Package textcomp Info: Setting cmtl sub-encoding to TS1/0 on input line 354.
Package textcomp Info: Setting ccr sub-encoding to TS1/0 on input line 355.
Package textcomp Info: Setting ptm sub-encoding to TS1/4 on input line 356.
Package textcomp Info: Setting pcr sub-encoding to TS1/4 on input line 357.
Package textcomp Info: Setting phv sub-encoding to TS1/4 on input line 358.
Package textcomp Info: Setting ppl sub-encoding to TS1/3 on input line 359.
Package textcomp Info: Setting pag sub-encoding to TS1/4 on input line 360.
Package textcomp Info: Setting pbk sub-encoding to TS1/4 on input line 361.
Package textcomp Info: Setting pnc sub-encoding to TS1/4 on input line 362.
Package textcomp Info: Setting pzc sub-encoding to TS1/4 on input line 363.
Package textcomp Info: Setting bch sub-encoding to TS1/4 on input line 364.
Package textcomp Info: Setting put sub-encoding to TS1/5 on input line 365.
Package textcomp Info: Setting uag sub-encoding to TS1/5 on input line 366.
Package textcomp Info: Setting ugq sub-encoding to TS1/5 on input line 367.
Package textcomp Info: Setting ul8 sub-encoding to TS1/4 on input line 368.
Package textcomp Info: Setting ul9 sub-encoding to TS1/4 on input line 369.
Package textcomp Info: Setting augie sub-encoding to TS1/5 on input line 370.
Package textcomp Info: Setting dayrom sub-encoding to TS1/3 on input line 371.
Package textcomp Info: Setting dayroms sub-encoding to TS1/3 on input line 372.
Package textcomp Info: Setting pxr sub-encoding to TS1/0 on input line 373.
Package textcomp Info: Setting pxss sub-encoding to TS1/0 on input line 374.
Package textcomp Info: Setting pxtt sub-encoding to TS1/0 on input line 375.
Package textcomp Info: Setting txr sub-encoding to TS1/0 on input line 376.
Package textcomp Info: Setting txss sub-encoding to TS1/0 on input line 377.
Package textcomp Info: Setting txtt sub-encoding to TS1/0 on input line 378.
Package textcomp Info: Setting lmr sub-encoding to TS1/0 on input line 379.
Package textcomp Info: Setting lmdh sub-encoding to TS1/0 on input line 380.
Package textcomp Info: Setting lmss sub-encoding to TS1/0 on input line 381.
Package textcomp Info: Setting lmssq sub-encoding to TS1/0 on input line 382.
Package textcomp Info: Setting lmvtt sub-encoding to TS1/0 on input line 383.
Package textcomp Info: Setting lmtt sub-encoding to TS1/0 on input line 384.
Package textcomp Info: Setting qhv sub-encoding to TS1/0 on input line 385.
Package textcomp Info: Setting qag sub-encoding to TS1/0 on input line 386.
Package textcomp Info: Setting qbk sub-encoding to TS1/0 on input line 387.
Package textcomp Info: Setting qcr sub-encoding to TS1/0 on input line 388.
Package textcomp Info: Setting qcs sub-encoding to TS1/0 on input line 389.
Package textcomp Info: Setting qpl sub-encoding to TS1/0 on input line 390.
Package textcomp Info: Setting qtm sub-encoding to TS1/0 on input line 391.
Package textcomp Info: Setting qzc sub-encoding to TS1/0 on input line 392.
Package textcomp Info: Setting qhvc sub-encoding to TS1/0 on input line 393.
Package textcomp Info: Setting futs sub-encoding to TS1/4 on input line 394.
Package textcomp Info: Setting futx sub-encoding to TS1/4 on input line 395.
Package textcomp Info: Setting futj sub-encoding to TS1/4 on input line 396.
Package textcomp Info: Setting hlh sub-encoding to TS1/3 on input line 397.
Package textcomp Info: Setting hls sub-encoding to TS1/3 on input line 398.
Package textcomp Info: Setting hlst sub-encoding to TS1/3 on input line 399.
Package textcomp Info: Setting hlct sub-encoding to TS1/5 on input line 400.
Package textcomp Info: Setting hlx sub-encoding to TS1/5 on input line 401.
Package textcomp Info: Setting hlce sub-encoding to TS1/5 on input line 402.
Package textcomp Info: Setting hlcn sub-encoding to TS1/5 on input line 403.
Package textcomp Info: Setting hlcw sub-encoding to TS1/5 on input line 404.
Package textcomp Info: Setting hlcf sub-encoding to TS1/5 on input line 405.
Package textcomp Info: Setting pplx sub-encoding to TS1/3 on input line 406.
Package textcomp Info: Setting pplj sub-encoding to TS1/3 on input line 407.
Package textcomp Info: Setting ptmx sub-encoding to TS1/4 on input line 408.
Package textcomp Info: Setting ptmj sub-encoding to TS1/4 on input line 409.
)
\lbreakdots=\box28
LaTeX Font Info:    Try loading font information for OT1+pcr on input line 230.
 (/usr/local/texlive/2016/texmf-dist/tex/latex/psnfss/ot1pcr.fd
File: ot1pcr.fd 2001/06/04 font definitions for OT1/pcr.
)) (/usr/local/texlive/2016/texmf-dist/tex/latex/graphics/graphicx.sty
Package: graphicx 2014/10/28 v1.0g Enhanced LaTeX Graphics (DPC,SPQR)
 (/usr/local/texlive/2016/texmf-dist/tex/latex/graphics/graphics.sty
Package: graphics 2016/05/09 v1.0r Standard LaTeX Graphics (DPC,SPQR)
 (/usr/local/texlive/2016/texmf-dist/tex/latex/graphics/trig.sty
Package: trig 2016/01/03 v1.10 sin cos tan (DPC)
) (/usr/local/texlive/2016/texmf-dist/tex/latex/graphics-cfg/graphics.cfg
File: graphics.cfg 2016/01/02 v1.10 sample graphics configuration
)
Package graphics Info: Driver file: pdftex.def on input line 96.
)
\Gin@req@height=\dimen115
\Gin@req@width=\dimen116
) (/usr/local/texlive/2016/texmf-dist/tex/latex/wrapfig/wrapfig.sty
\wrapoverhang=\dimen117
\WF@size=\dimen118
\c@WF@wrappedlines=\count99
\WF@box=\box29
\WF@everypar=\toks17
Package: wrapfig 2003/01/31  v 3.6
) (/usr/local/texlive/2016/texmf-dist/tex/latex/lipsum/lipsum.sty
Package: lipsum 2014/07/27 v1.3 150 paragraphs of Lorem Ipsum dummy text
\c@lips@count=\count100
) (/usr/local/texlive/2016/texmf-dist/tex/latex/rotating/rotating.sty
Package: rotating 2009/03/28 v2.16a rotated objects in LaTeX
 (/usr/local/texlive/2016/texmf-dist/tex/latex/base/ifthen.sty
Package: ifthen 2014/09/29 v1.1c Standard LaTeX ifthen package (DPC)
)
\c@r@tfl@t=\count101
\rotFPtop=\skip43
\rotFPbot=\skip44
\rot@float@box=\box30
\rot@mess@toks=\toks18
) (/usr/local/texlive/2016/texmf-dist/tex/latex/amsfonts/amssymb.sty
Package: amssymb 2013/01/14 v3.01 AMS font symbols
 (/usr/local/texlive/2016/texmf-dist/tex/latex/amsfonts/amsfonts.sty
Package: amsfonts 2013/01/14 v3.01 Basic AMSFonts support
\@emptytoks=\toks19
\symAMSa=\mathgroup4
\symAMSb=\mathgroup5
LaTeX Font Info:    Overwriting math alphabet `\mathfrak' in version `bold'
(Font)                  U/euf/m/n --> U/euf/b/n on input line 106.
)) (/usr/local/texlive/2016/texmf-dist/tex/latex/oberdiek/epstopdf.sty
Package: epstopdf 2016/05/15 v2.6 Conversion with epstopdf on the fly (HO)
 (/usr/local/texlive/2016/texmf-dist/tex/latex/oberdiek/epstopdf-base.sty
Package: epstopdf-base 2016/05/15 v2.6 Base part for package epstopdf
 (/usr/local/texlive/2016/texmf-dist/tex/latex/oberdiek/grfext.sty
Package: grfext 2016/05/16 v1.2 Manage graphics extensions (HO)
 (/usr/local/texlive/2016/texmf-dist/tex/generic/oberdiek/kvdefinekeys.sty
Package: kvdefinekeys 2016/05/16 v1.4 Define keys (HO)
)) (/usr/local/texlive/2016/texmf-dist/tex/latex/oberdiek/kvoptions.sty
Package: kvoptions 2016/05/16 v3.12 Key value format for package options (HO)
 (/usr/local/texlive/2016/texmf-dist/tex/generic/oberdiek/kvsetkeys.sty
Package: kvsetkeys 2016/05/16 v1.17 Key value parser (HO)
 (/usr/local/texlive/2016/texmf-dist/tex/generic/oberdiek/etexcmds.sty
Package: etexcmds 2016/05/16 v1.6 Avoid name clashes with e-TeX commands (HO)
 (/usr/local/texlive/2016/texmf-dist/tex/generic/oberdiek/ifluatex.sty
Package: ifluatex 2016/05/16 v1.4 Provides the ifluatex switch (HO)
Package ifluatex Info: LuaTeX not detected.
)
Package etexcmds Info: Could not find \expanded.
(etexcmds)             That can mean that you are not using pdfTeX 1.50 or
(etexcmds)             that some package has redefined \expanded.
(etexcmds)             In the latter case, load this package earlier.
)))
(/usr/local/texlive/2016/texmf-dist/tex/generic/oberdiek/pdftexcmds.sty
Package: pdftexcmds 2016/05/10 v0.21 Utility functions of pdfTeX for LuaTeX (HO)
Package pdftexcmds Info: LuaTeX not detected.
Package pdftexcmds Info: \pdf@primitive is available.
Package pdftexcmds Info: \pdf@ifprimitive is available.
Package pdftexcmds Info: \pdfdraftmode found.
)
Package grfext Info: Graphics extension search list:
(grfext)             [.png,.pdf,.jpg,.mps,.jpeg,.jbig2,.jb2,.PNG,.PDF,.JPG,.JPEG,.JBIG2,.JB2,.eps]
(grfext)             \AppendGraphicsExtensions on input line 456.
 (/usr/local/texlive/2016/texmf-dist/tex/latex/latexconfig/epstopdf-sys.cfg
File: epstopdf-sys.cfg 2010/07/13 v1.3 Configuration of (r)epstopdf for TeX Live
))) (/usr/local/texlive/2016/texmf-dist/tex/latex/natbib/natbib.sty
Package: natbib 2010/09/13 8.31b (PWD, AO)
\bibhang=\skip45
\bibsep=\skip46
LaTeX Info: Redefining \cite on input line 694.
\c@NAT@ctr=\count102
) (/usr/local/texlive/2016/texmf-dist/tex/latex/amsmath/amsmath.sty
Package: amsmath 2016/03/10 v2.15b AMS math features
\@mathmargin=\skip47

For additional information on amsmath, use the `?' option.
(/usr/local/texlive/2016/texmf-dist/tex/latex/amsmath/amstext.sty
Package: amstext 2000/06/29 v2.01 AMS text
 (/usr/local/texlive/2016/texmf-dist/tex/latex/amsmath/amsgen.sty
File: amsgen.sty 1999/11/30 v2.0 generic functions
\@emptytoks=\toks20
\ex@=\dimen119
)) (/usr/local/texlive/2016/texmf-dist/tex/latex/amsmath/amsbsy.sty
Package: amsbsy 1999/11/29 v1.2d Bold Symbols
\pmbraise@=\dimen120
) (/usr/local/texlive/2016/texmf-dist/tex/latex/amsmath/amsopn.sty
Package: amsopn 2016/03/08 v2.02 operator names
)
\inf@bad=\count103
LaTeX Info: Redefining \frac on input line 199.
\uproot@=\count104
\leftroot@=\count105
LaTeX Info: Redefining \overline on input line 297.
\classnum@=\count106
\DOTSCASE@=\count107
LaTeX Info: Redefining \ldots on input line 394.
LaTeX Info: Redefining \dots on input line 397.
LaTeX Info: Redefining \cdots on input line 518.
\Mathstrutbox@=\box31
\strutbox@=\box32
\big@size=\dimen121
LaTeX Font Info:    Redeclaring font encoding OML on input line 634.
LaTeX Font Info:    Redeclaring font encoding OMS on input line 635.
\macc@depth=\count108
\c@MaxMatrixCols=\count109
\dotsspace@=\muskip10
\c@parentequation=\count110
\dspbrk@lvl=\count111
\tag@help=\toks21
\row@=\count112
\column@=\count113
\maxfields@=\count114
\andhelp@=\toks22
\eqnshift@=\dimen122
\alignsep@=\dimen123
\tagshift@=\dimen124
\tagwidth@=\dimen125
\totwidth@=\dimen126
\lineht@=\dimen127
\@envbody=\toks23
\multlinegap=\skip48
\multlinetaggap=\skip49
\mathdisplay@stack=\toks24
LaTeX Info: Redefining \[ on input line 2739.
LaTeX Info: Redefining \] on input line 2740.
)

LaTeX Warning: Unused global option(s):
    [parskip=half-].

(/Users/davidebernardoni/Desktop/latex/.texpadtmp/The Gotthard Pass.aux)
\openout1 = `"The Gotthard Pass.aux"'.

LaTeX Font Info:    Checking defaults for OML/cmm/m/it on input line 23.
LaTeX Font Info:    ... okay on input line 23.
LaTeX Font Info:    Checking defaults for T1/cmr/m/n on input line 23.
LaTeX Font Info:    ... okay on input line 23.
LaTeX Font Info:    Checking defaults for OT1/cmr/m/n on input line 23.
LaTeX Font Info:    ... okay on input line 23.
LaTeX Font Info:    Checking defaults for OMS/cmsy/m/n on input line 23.
LaTeX Font Info:    ... okay on input line 23.
LaTeX Font Info:    Checking defaults for OMX/cmex/m/n on input line 23.
LaTeX Font Info:    ... okay on input line 23.
LaTeX Font Info:    Checking defaults for U/cmr/m/n on input line 23.
LaTeX Font Info:    ... okay on input line 23.
LaTeX Font Info:    Checking defaults for TS1/cmr/m/n on input line 23.
LaTeX Font Info:    Try loading font information for TS1+cmr on input line 23.
 (/usr/local/texlive/2016/texmf-dist/tex/latex/base/ts1cmr.fd
File: ts1cmr.fd 2014/09/29 v2.5h Standard LaTeX font definitions
)
LaTeX Font Info:    ... okay on input line 23.

*geometry* driver: auto-detecting
*geometry* detected driver: pdftex
*geometry* verbose mode - [ preamble ] result:
* driver: pdftex
* paper: letterpaper
* layout: <same size as paper>
* layoutoffset:(h,v)=(0.0pt,0.0pt)
* modes: 
* h-part:(L,W,R)=(56.9055pt, 500.484pt, 56.9055pt)
* v-part:(T,H,B)=(56.9055pt, 681.15898pt, 56.9055pt)
* \paperwidth=614.295pt
* \paperheight=794.96999pt
* \textwidth=500.484pt
* \textheight=681.15898pt
* \oddsidemargin=-15.36449pt
* \evensidemargin=-15.36449pt
* \topmargin=-52.36449pt
* \headheight=12.0pt
* \headsep=25.0pt
* \topskip=11.0pt
* \footskip=30.0pt
* \marginparwidth=50.0pt
* \marginparsep=10.0pt
* \columnsep=10.0pt
* \skip\footins=10.0pt plus 4.0pt minus 2.0pt
* \hoffset=0.0pt
* \voffset=0.0pt
* \mag=1000
* \@twocolumnfalse
* \@twosidefalse
* \@mparswitchfalse
* \@reversemarginfalse
* (1in=72.27pt=25.4mm, 1cm=28.453pt)

(/usr/local/texlive/2016/texmf-dist/tex/context/base/mkii/supp-pdf.mkii
[Loading MPS to PDF converter (version 2006.09.02).]
\scratchcounter=\count115
\scratchdimen=\dimen128
\scratchbox=\box33
\nofMPsegments=\count116
\nofMParguments=\count117
\everyMPshowfont=\toks25
\MPscratchCnt=\count118
\MPscratchDim=\dimen129
\MPnumerator=\count119
\makeMPintoPDFobject=\count120
\everyMPtoPDFconversion=\toks26
)
\c@lstlisting=\count121
 (./cover.tex
Package epstopdf Info: Source file: <ETHlogo.eps>
(epstopdf)                    date: 2016-11-14 18:26:45
(epstopdf)                    size: 179075 bytes
(epstopdf)             Output file: <ETHlogo-eps-converted-to.pdf>
(epstopdf)                    date: 2016-11-27 11:30:18
(epstopdf)                    size: 14362 bytes
(epstopdf)             Command: <epstopdf --outfile=ETHlogo-eps-converted-to.pdf ETHlogo.eps>
(epstopdf)             \includegraphics on input line 5.
Package epstopdf Info: Output file is already uptodate.
 <ETHlogo-eps-converted-to.pdf, id=1, 179.67125pt x 45.16875pt>
File: ETHlogo-eps-converted-to.pdf Graphic file (type pdf)
 <use ETHlogo-eps-converted-to.pdf>
Package pdftex.def Info: ETHlogo-eps-converted-to.pdf used on input line 5.
(pdftex.def)             Requested size: 142.26378pt x 35.76698pt.
LaTeX Font Info:    Try loading font information for U+msa on input line 34.
 (/usr/local/texlive/2016/texmf-dist/tex/latex/amsfonts/umsa.fd
File: umsa.fd 2013/01/14 v3.01 AMS symbols A
)
LaTeX Font Info:    Try loading font information for U+msb on input line 34.
 (/usr/local/texlive/2016/texmf-dist/tex/latex/amsfonts/umsb.fd
File: umsb.fd 2013/01/14 v3.01 AMS symbols B
)) [1

{/usr/local/texlive/2016/texmf-var/fonts/map/pdftex/updmap/pdftex.map} <./ETHlogo-eps-converted-to.pdf>]
Overfull \hbox (113.81104pt too wide) in paragraph at lines 65--71
[]$[]$| 
 []

[2] [3

] (/Users/davidebernardoni/Desktop/latex/.texpadtmp/The Gotthard Pass.toc)
\tf@toc=\write3
\openout3 = `"The Gotthard Pass.toc"'.

 [4] <Gotthard_pass.png, id=22, 265.9536pt x 176.8206pt>
File: Gotthard_pass.png Graphic file (type png)
 <use Gotthard_pass.png>
Package pdftex.def Info: Gotthard_pass.png used on input line 142.
(pdftex.def)             Requested size: 241.84842pt x 160.80174pt.
Missing character: There is no â in font cmr12!
Missing character: There is no € in font cmr12!
Missing character: There is no ™ in font cmr12!
 [5 <./Gotthard_pass.png>] <Map.jpeg, id=28, 704.6325pt x 663.47874pt>
File: Map.jpeg Graphic file (type jpg)
 <use Map.jpeg>
Package pdftex.def Info: Map.jpeg used on input line 169.
(pdftex.def)             Requested size: 284.52756pt x 267.90762pt.
 [6 <./Map.jpeg>] <Traffic_Situation.png, id=33, 597.432pt x 58.2978pt>
File: Traffic_Situation.png Graphic file (type png)
 <use Traffic_Situation.png>
Package pdftex.def Info: Traffic_Situation.png used on input line 211.
(pdftex.def)             Requested size: 507.8196pt x 49.55336pt.

Overfull \hbox (7.3356pt too wide) in paragraph at lines 211--214
 [][] 
 []

[7 <./Traffic_Situation.png>] [8] <Trend_Year.png, id=44, 672.111pt x 397.485pt>
File: Trend_Year.png Graphic file (type png)
 <use Trend_Year.png>
Package pdftex.def Info: Trend_Year.png used on input line 302.
(pdftex.def)             Requested size: 504.082pt x 298.113pt.

Overfull \hbox (3.598pt too wide) in paragraph at lines 302--305
 [][] 
 []

[9

 <./Trend_Year.png>] <Trend_R1.png, id=49, 676.4472pt x 385.1991pt>
File: Trend_R1.png Graphic file (type png)
 <use Trend_R1.png>
Package pdftex.def Info: Trend_R1.png used on input line 318.
(pdftex.def)             Requested size: 298.75394pt x 170.12291pt.
 <Trend_R2.png, id=50, 669.9429pt x 375.804pt>
File: Trend_R2.png Graphic file (type png)
 <use Trend_R2.png>
Package pdftex.def Info: Trend_R2.png used on input line 327.
(pdftex.def)             Requested size: 298.75394pt x 167.58492pt.
 [10

 <./Trend_R1.png> <./Trend_R2.png>] <ideal_timing.jpg, id=56, 627.34375pt x 398.48875pt>
File: ideal_timing.jpg Graphic file (type jpg)
 <use ideal_timing.jpg>
Package pdftex.def Info: ideal_timing.jpg used on input line 390.
(pdftex.def)             Requested size: 407.7686pt x 259.01462pt.
 <travel_time_30:40.jpg, id=57, 633.36626pt x 396.48125pt>
File: travel_time_30:40.jpg Graphic file (type jpg)
 <use travel_time_30:40.jpg>
Package pdftex.def Info: travel_time_30:40.jpg used on input line 412.
(pdftex.def)             Requested size: 411.6832pt x 257.70975pt.


LaTeX Warning: `!h' float specifier changed to `!ht'.

[11 <./ideal_timing.jpg>] [12 <./travel_time_30:40.jpg>] <traveltimes_2:3.jpg, id=64, 617.30624pt x 398.48875pt>
File: traveltimes_2:3.jpg Graphic file (type jpg)
 <use traveltimes_2:3.jpg>
Package pdftex.def Info: traveltimes_2:3.jpg used on input line 460.
(pdftex.def)             Requested size: 388.90498pt x 251.04924pt.
 <shortbase2_3.jpg, id=65, 617.30624pt x 397.485pt>
File: shortbase2_3.jpg Graphic file (type jpg)
 <use shortbase2_3.jpg>
Package pdftex.def Info: shortbase2_3.jpg used on input line 470.
(pdftex.def)             Requested size: 388.90498pt x 250.41687pt.
 [13 <./traveltimes_2:3.jpg> <./shortbase2_3.jpg>] <longtraveltimes.jpg, id=70, 644.4075pt x 396.48125pt>
File: longtraveltimes.jpg Graphic file (type jpg)
 <use longtraveltimes.jpg>
Package pdftex.def Info: longtraveltimes.jpg used on input line 491.
(pdftex.def)             Requested size: 418.85991pt x 257.70975pt.
 <longbase_300400.jpg, id=71, 627.34375pt x 399.4925pt>
File: longbase_300400.jpg Graphic file (type jpg)
 <use longbase_300400.jpg>
Package pdftex.def Info: longbase_300400.jpg used on input line 504.
(pdftex.def)             Requested size: 388.9491pt x 247.68279pt.


LaTeX Warning: `!h' float specifier changed to `!ht'.

[14

 <./longtraveltimes.jpg>] <traveltimeslongreal.jpg, id=75, 720.6925pt x 421.575pt>
File: traveltimeslongreal.jpg Graphic file (type jpg)
 <use traveltimeslongreal.jpg>
Package pdftex.def Info: traveltimeslongreal.jpg used on input line 532.
(pdftex.def)             Requested size: 432.41884pt x 252.94695pt.
 [15 <./longbase_300400.jpg> <./traveltimeslongreal.jpg>] <fluxlongreal.jpg, id=79, 719.68875pt x 421.575pt>
File: fluxlongreal.jpg Graphic file (type jpg)
 <use fluxlongreal.jpg>
Package pdftex.def Info: fluxlongreal.jpg used on input line 549.
(pdftex.def)             Requested size: 467.79214pt x 274.0205pt.
 <traveltimesshortreal.jpg, id=80, 719.68875pt x 421.575pt>
File: traveltimesshortreal.jpg Graphic file (type jpg)
 <use traveltimesshortreal.jpg>
Package pdftex.def Info: traveltimesshortreal.jpg used on input line 572.
(pdftex.def)             Requested size: 467.79214pt x 274.0205pt.


LaTeX Warning: `!h' float specifier changed to `!ht'.

<fluxshortreal.jpg, id=81, 719.68875pt x 421.575pt>
File: fluxshortreal.jpg Graphic file (type jpg)
 <use fluxshortreal.jpg>
Package pdftex.def Info: fluxshortreal.jpg used on input line 581.
(pdftex.def)             Requested size: 467.79214pt x 274.0205pt.


LaTeX Warning: `!h' float specifier changed to `!ht'.

[16

 <./fluxlongreal.jpg>] [17 <./traveltimesshortreal.jpg> <./fluxshortreal.jpg>] <3.png, id=88, 596.2275pt x 580.1675pt>
File: 3.png Graphic file (type png)
 <use 3.png>
Package pdftex.def Info: 3.png used on input line 612.
(pdftex.def)             Requested size: 387.54329pt x 377.10439pt.
 [18

 <./3.png>] <fourth.png, id=93, 777.90625pt x 454.69875pt>
File: fourth.png Graphic file (type png)
 <use fourth.png>
Package pdftex.def Info: fourth.png used on input line 628.
(pdftex.def)             Requested size: 505.63307pt x 295.55067pt.

Overfull \hbox (5.14908pt too wide) in paragraph at lines 628--631
 [][] 
 []

[19

 <./fourth.png>] [20

] [21

] <30_40_3g.png, id=104, 597.432pt x 727.518pt>
File: 30_40_3g.png Graphic file (type png)
 <use 30_40_3g.png>
Package pdftex.def Info: 30_40_3g.png used on input line 771.
(pdftex.def)             Requested size: 477.94624pt x 582.0152pt.
 <2_3_3g.png, id=105, 597.432pt x 686.0832pt>
File: 2_3_3g.png Graphic file (type png)
 <use 2_3_3g.png>
Package pdftex.def Info: 2_3_3g.png used on input line 780.
(pdftex.def)             Requested size: 525.74179pt x 603.75508pt.

Overfull \hbox (25.2578pt too wide) in paragraph at lines 780--783
 [][] 
 []

[22

 <./30_40_3g.png>] <300_400_3g.png, id=110, 567.5604pt x 721.7364pt>
File: 300_400_3g.png Graphic file (type png)
 <use 300_400_3g.png>
Package pdftex.def Info: 300_400_3g.png used on input line 789.
(pdftex.def)             Requested size: 499.45468pt x 635.12999pt.


LaTeX Warning: `!h' float specifier changed to `!ht'.

<300_40_3g.png, id=111, 597.432pt x 664.6431pt>
File: 300_40_3g.png Graphic file (type png)
 <use 300_40_3g.png>
Package pdftex.def Info: 300_40_3g.png used on input line 798.
(pdftex.def)             Requested size: 507.8196pt x 564.94931pt.

Overfull \hbox (7.3356pt too wide) in paragraph at lines 798--801
 [][] 
 []


LaTeX Warning: `!h' float specifier changed to `!ht'.

<2_40_3g.png, id=112, 597.432pt x 775.9389pt>
File: 2_40_3g.png Graphic file (type png)
 <use 2_40_3g.png>
Package pdftex.def Info: 2_40_3g.png used on input line 807.
(pdftex.def)             Requested size: 507.8196pt x 659.55118pt.

Overfull \hbox (7.3356pt too wide) in paragraph at lines 807--810
 [][] 
 []


LaTeX Warning: Float too large for page by 6.34029pt on input line 812.


LaTeX Warning: `!h' float specifier changed to `!ht'.

[23 <./2_3_3g.png>] [24 <./300_400_3g.png>] [25 <./300_40_3g.png>] [26 <./2_40_3g.png>] (/users/davidebernardoni/Git/project_Gotthard/code/MATLAB/main.m
LaTeX Font Info:    Try loading font information for OML+pcr on input line 13.
 (/usr/local/texlive/2016/texmf-dist/tex/latex/psnfss/omlpcr.fd
File: omlpcr.fd 
)
LaTeX Font Info:    Font shape `OML/pcr/m/n' in size <9> not available
(Font)              Font shape `OML/cmm/m/it' tried instead on input line 13.
LaTeX Font Info:    Try loading font information for TS1+pcr on input line 20.
 (/usr/local/texlive/2016/texmf-dist/tex/latex/psnfss/ts1pcr.fd
File: ts1pcr.fd 2001/06/04 font definitions for TS1/pcr.
) [27

] [28] [29]
LaTeX Font Info:    Try loading font information for OMS+pcr on input line 186.
 (/usr/local/texlive/2016/texmf-dist/tex/latex/psnfss/omspcr.fd
File: omspcr.fd 
)
LaTeX Font Info:    Font shape `OMS/pcr/m/n' in size <9> not available
(Font)              Font shape `OMS/cmsy/m/n' tried instead on input line 186.
 [30] [31]) [32] (/Users/davidebernardoni/Desktop/latex/.texpadtmp/The Gotthard Pass.aux) ) 
Here is how much of TeX's memory you used:
 6141 strings out of 493014
 84495 string characters out of 6133350
 362410 words of memory out of 5000000
 9532 multiletter control sequences out of 15000+600000
 15550 words of font info for 60 fonts, out of 8000000 for 9000
 1141 hyphenation exceptions out of 8191
 42i,10n,42p,1134b,1543s stack positions out of 5000i,500n,10000p,200000b,80000s
{/usr/local/texlive/2016/texmf-dist/fonts/enc/dvips/base/8r.enc}</usr/local/texlive/2016/texmf-dist/fonts/type1/public/amsfonts/cm/cmbx10.pfb></usr/local/texlive/2016/texmf-dist/fonts/type1/public/amsfonts/cm/cmbx12.pfb></usr/local/texlive/2016/texmf-dist/fonts/type1/public/amsfonts/cm/cmmi9.pfb></usr/local/texlive/2016/texmf-dist/fonts/type1/public/amsfonts/cm/cmr10.pfb></usr/local/texlive/2016/texmf-dist/fonts/type1/public/amsfonts/cm/cmr12.pfb></usr/local/texlive/2016/texmf-dist/fonts/type1/public/amsfonts/cm/cmr17.pfb></usr/local/texlive/2016/texmf-dist/fonts/type1/public/amsfonts/cm/cmr6.pfb></usr/local/texlive/2016/texmf-dist/fonts/type1/public/amsfonts/cm/cmsy10.pfb></usr/local/texlive/2016/texmf-dist/fonts/type1/public/amsfonts/cm/cmsy9.pfb></usr/local/texlive/2016/texmf-dist/fonts/type1/public/amsfonts/cm/cmti12.pfb></usr/local/texlive/2016/texmf-dist/fonts/type1/urw/courier/ucrr8a.pfb>
Output written on "/Users/davidebernardoni/Desktop/latex/.texpadtmp/The Gotthard Pass.pdf" (32 pages, 9559482 bytes).
PDF statistics:
 191 PDF objects out of 1000 (max. 8388607)
 109 compressed objects within 2 object streams
 0 named destinations out of 1000 (max. 500000)
 121 words of extra memory for PDF output out of 10000 (max. 10000000)

